CRITICAL - 2024-05-22 06:18:11 --> Twig\Error\SyntaxError: Unexpected token "punctuation" of value "(" ("name" expected).
[Method: GET, Route: /]
in APPPATH/Views/AdminLTE/layout/main.html on line 158.
 1 VENDORPATH/twig/twig/src/TokenParser/BlockTokenParser.php(38): Twig\TokenStream->expect(5)
 2 VENDORPATH/twig/twig/src/Parser.php(173): Twig\TokenParser\BlockTokenParser->parse(Object(Twig\Token))
 3 VENDORPATH/twig/twig/src/Parser.php(83): Twig\Parser->subparse(null, false)
 4 VENDORPATH/twig/twig/src/Environment.php(516): Twig\Parser->parse(Object(Twig\TokenStream))
 5 VENDORPATH/twig/twig/src/Environment.php(544): Twig\Environment->parse(Object(Twig\TokenStream))
 6 VENDORPATH/twig/twig/src/Environment.php(374): Twig\Environment->compileSource(Object(Twig\Source))
 7 VENDORPATH/twig/twig/src/Template.php(282): Twig\Environment->loadTemplate('__TwigTemplate_3698e3074dcdcce86c51d2245c872f4b', 'layout/main.html', null)
 8 VENDORPATH/twig/twig/src/Environment.php(384) : eval()'d code(44): Twig\Template->loadTemplate('layout/main.html', 'page/finance.html', 1)
 9 VENDORPATH/twig/twig/src/Template.php(360): __TwigTemplate_922d3e7e6edf562ed419618dac76d9fb->doDisplay([...], [...])
10 VENDORPATH/twig/twig/src/Template.php(335): Twig\Template->yield([...])
11 VENDORPATH/twig/twig/src/TemplateWrapper.php(38): Twig\Template->render([...])
12 VENDORPATH/twig/twig/src/Environment.php(299): Twig\TemplateWrapper->render([...])
13 APPPATH/Helpers/admin_template_helper.php(8): Twig\Environment->render('page/finance.html', [...])
14 APPPATH/Controllers/Admin/FinanceController.php(17): render('finance.html', [...])
15 SYSTEMPATH/CodeIgniter.php(933): App\Controllers\Admin\FinanceController->index()
16 SYSTEMPATH/CodeIgniter.php(509): CodeIgniter\CodeIgniter->runController(Object(App\Controllers\Admin\FinanceController))
17 SYSTEMPATH/CodeIgniter.php(355): CodeIgniter\CodeIgniter->handleRequest(null, Object(Config\Cache), false)
18 SYSTEMPATH/Boot.php(312): CodeIgniter\CodeIgniter->run()
19 SYSTEMPATH/Boot.php(67): CodeIgniter\Boot::runCodeIgniter(Object(CodeIgniter\CodeIgniter))
20 FCPATH/index.php(59): CodeIgniter\Boot::bootWeb(Object(Config\Paths))
CRITICAL - 2024-05-22 06:19:15 --> Twig\Error\RuntimeError: Block "css_script" on template "layout/main.html" does not exist.
[Method: GET, Route: /]
in APPPATH/Views/AdminLTE/layout/main.html on line 22.
 1 VENDORPATH/twig/twig/src/Environment.php(384) : eval()'d code(66): Twig\Template->yieldBlock('css_script', [...], [...])
 2 VENDORPATH/twig/twig/src/Template.php(360): __TwigTemplate_3698e3074dcdcce86c51d2245c872f4b->doDisplay([...], [...])
 3 VENDORPATH/twig/twig/src/Environment.php(384) : eval()'d code(45): Twig\Template->yield([...], [...])
 4 VENDORPATH/twig/twig/src/Template.php(360): __TwigTemplate_922d3e7e6edf562ed419618dac76d9fb->doDisplay([...], [...])
 5 VENDORPATH/twig/twig/src/Template.php(335): Twig\Template->yield([...])
 6 VENDORPATH/twig/twig/src/TemplateWrapper.php(38): Twig\Template->render([...])
 7 VENDORPATH/twig/twig/src/Environment.php(299): Twig\TemplateWrapper->render([...])
 8 APPPATH/Helpers/admin_template_helper.php(8): Twig\Environment->render('page/finance.html', [...])
 9 APPPATH/Controllers/Admin/FinanceController.php(17): render('finance.html', [...])
10 SYSTEMPATH/CodeIgniter.php(933): App\Controllers\Admin\FinanceController->index()
11 SYSTEMPATH/CodeIgniter.php(509): CodeIgniter\CodeIgniter->runController(Object(App\Controllers\Admin\FinanceController))
12 SYSTEMPATH/CodeIgniter.php(355): CodeIgniter\CodeIgniter->handleRequest(null, Object(Config\Cache), false)
13 SYSTEMPATH/Boot.php(312): CodeIgniter\CodeIgniter->run()
14 SYSTEMPATH/Boot.php(67): CodeIgniter\Boot::runCodeIgniter(Object(CodeIgniter\CodeIgniter))
15 FCPATH/index.php(59): CodeIgniter\Boot::bootWeb(Object(Config\Paths))
CRITICAL - 2024-05-22 06:22:46 --> Twig\Error\SyntaxError: Unexpected token "name" of value "data" ("end of statement block" expected).
[Method: GET, Route: /]
in APPPATH/Views/AdminLTE/layout/main.html on line 118.
 1 VENDORPATH/twig/twig/src/TokenParser/BlockTokenParser.php(60): Twig\TokenStream->expect(3)
 2 VENDORPATH/twig/twig/src/Parser.php(173): Twig\TokenParser\BlockTokenParser->parse(Object(Twig\Token))
 3 VENDORPATH/twig/twig/src/Parser.php(83): Twig\Parser->subparse(null, false)
 4 VENDORPATH/twig/twig/src/Environment.php(516): Twig\Parser->parse(Object(Twig\TokenStream))
 5 VENDORPATH/twig/twig/src/Environment.php(544): Twig\Environment->parse(Object(Twig\TokenStream))
 6 VENDORPATH/twig/twig/src/Environment.php(374): Twig\Environment->compileSource(Object(Twig\Source))
 7 VENDORPATH/twig/twig/src/Template.php(282): Twig\Environment->loadTemplate('__TwigTemplate_3698e3074dcdcce86c51d2245c872f4b', 'layout/main.html', null)
 8 VENDORPATH/twig/twig/src/Environment.php(384) : eval()'d code(44): Twig\Template->loadTemplate('layout/main.html', 'page/finance.html', 1)
 9 VENDORPATH/twig/twig/src/Template.php(360): __TwigTemplate_922d3e7e6edf562ed419618dac76d9fb->doDisplay([...], [...])
10 VENDORPATH/twig/twig/src/Template.php(335): Twig\Template->yield([...])
11 VENDORPATH/twig/twig/src/TemplateWrapper.php(38): Twig\Template->render([...])
12 VENDORPATH/twig/twig/src/Environment.php(299): Twig\TemplateWrapper->render([...])
13 APPPATH/Helpers/admin_template_helper.php(12): Twig\Environment->render('page/finance.html', [...])
14 APPPATH/Controllers/Admin/FinanceController.php(17): render('finance.html', [...])
15 SYSTEMPATH/CodeIgniter.php(933): App\Controllers\Admin\FinanceController->index()
16 SYSTEMPATH/CodeIgniter.php(509): CodeIgniter\CodeIgniter->runController(Object(App\Controllers\Admin\FinanceController))
17 SYSTEMPATH/CodeIgniter.php(355): CodeIgniter\CodeIgniter->handleRequest(null, Object(Config\Cache), false)
18 SYSTEMPATH/Boot.php(312): CodeIgniter\CodeIgniter->run()
19 SYSTEMPATH/Boot.php(67): CodeIgniter\Boot::runCodeIgniter(Object(CodeIgniter\CodeIgniter))
20 FCPATH/index.php(59): CodeIgniter\Boot::bootWeb(Object(Config\Paths))
CRITICAL - 2024-05-22 06:24:46 --> ErrorException: Array to string conversion
[Method: GET, Route: /]
in VENDORPATH/twig/twig/src/Template.php on line 336.
 1 VENDORPATH/twig/twig/src/Template.php(336): CodeIgniter\Debug\Exceptions->errorHandler(2, 'Array to string conversion', '/Applications/MAMP/htdocs/test-bpdlh/vendor/twig/twig/src/Template.php', 336)
 2 VENDORPATH/twig/twig/src/TemplateWrapper.php(38): Twig\Template->render([...])
 3 VENDORPATH/twig/twig/src/Environment.php(299): Twig\TemplateWrapper->render([...])
 4 APPPATH/Helpers/admin_template_helper.php(12): Twig\Environment->render('page/finance.html', [...])
 5 APPPATH/Controllers/Admin/FinanceController.php(17): render('finance.html', [...])
 6 SYSTEMPATH/CodeIgniter.php(933): App\Controllers\Admin\FinanceController->index()
 7 SYSTEMPATH/CodeIgniter.php(509): CodeIgniter\CodeIgniter->runController(Object(App\Controllers\Admin\FinanceController))
 8 SYSTEMPATH/CodeIgniter.php(355): CodeIgniter\CodeIgniter->handleRequest(null, Object(Config\Cache), false)
 9 SYSTEMPATH/Boot.php(312): CodeIgniter\CodeIgniter->run()
10 SYSTEMPATH/Boot.php(67): CodeIgniter\Boot::runCodeIgniter(Object(CodeIgniter\CodeIgniter))
11 FCPATH/index.php(59): CodeIgniter\Boot::bootWeb(Object(Config\Paths))
